{"epoch": 1, "train_loss": 1.1103340238332748, "train_main_loss": 1.1103340238332748, "train_expert_loss": 0.0, "train_profile_loss": 0.0, "train_profile_magnitude_loss": 0.0, "valid_auprc": 0.23788671761686592, "valid_auroc": 0.7437592728634601}
{"epoch": 2, "train_loss": 0.994599187746644, "train_main_loss": 0.994599187746644, "train_expert_loss": 0.0, "train_profile_loss": 0.0, "train_profile_magnitude_loss": 0.0, "valid_auprc": 0.26266106389985344, "valid_auroc": 0.7513504170087723}
{"saved_to": "results/smoke_davis_unseen_target_base/DAVIS_unseen_target_base_seed0.json", "test_auprc": 0.2804282627354963, "test_auroc": 0.7671061197916668}
{"epoch": 1, "train_loss": 1.1266146674752235, "train_main_loss": 1.126481594517827, "train_expert_loss": 0.0, "train_profile_loss": 0.0006653589762208867, "train_profile_magnitude_loss": 0.0, "valid_auprc": 0.2620202439267274, "valid_auroc": 0.7583509787822479}
{"epoch": 2, "train_loss": 0.9883962031453848, "train_main_loss": 0.9881190080195665, "train_expert_loss": 0.0, "train_profile_loss": 0.0013859591126674786, "train_profile_magnitude_loss": 0.0, "valid_auprc": 0.25023237191582487, "valid_auroc": 0.7519121904844215}
{"saved_to": "results/smoke_davis_unseen_target_ftm/DAVIS_unseen_target_ftm_seed0_chem32_top4_shr8p0.json", "test_auprc": 0.258494074493207, "test_auroc": 0.7484375}
{"epoch": 1, "train_loss": 1.0353805138585834, "train_main_loss": 1.0353805138585834, "train_expert_loss": 0.0, "train_profile_loss": 0.0, "train_profile_magnitude_loss": 0.0, "valid_auprc": 0.30138639978977316, "valid_auroc": 0.8044357441454889}
{"epoch": 2, "train_loss": 0.8838083195236494, "train_main_loss": 0.8838083195236494, "train_expert_loss": 0.0, "train_profile_loss": 0.0, "train_profile_magnitude_loss": 0.0, "valid_auprc": 0.31399930698468176, "valid_auroc": 0.8160802180082105}
{"epoch": 3, "train_loss": 0.7832446468789358, "train_main_loss": 0.7832446468789358, "train_expert_loss": 0.0, "train_profile_loss": 0.0, "train_profile_magnitude_loss": 0.0, "valid_auprc": 0.3021812492026763, "valid_auroc": 0.8128035226821958}
{"epoch": 4, "train_loss": 0.7290781444635296, "train_main_loss": 0.7290781444635296, "train_expert_loss": 0.0, "train_profile_loss": 0.0, "train_profile_magnitude_loss": 0.0, "valid_auprc": 0.3113924706420147, "valid_auroc": 0.8210187330267886}
{"epoch": 5, "train_loss": 0.6469932909810979, "train_main_loss": 0.6469932909810979, "train_expert_loss": 0.0, "train_profile_loss": 0.0, "train_profile_magnitude_loss": 0.0, "valid_auprc": 0.3440542121305439, "valid_auroc": 0.8438851842202241}
{"epoch": 6, "train_loss": 0.6087385837298784, "train_main_loss": 0.6087385837298784, "train_expert_loss": 0.0, "train_profile_loss": 0.0, "train_profile_magnitude_loss": 0.0, "valid_auprc": 0.32945463803300096, "valid_auroc": 0.8350902147455984}
{"epoch": 7, "train_loss": 0.5460377267872983, "train_main_loss": 0.5460377267872983, "train_expert_loss": 0.0, "train_profile_loss": 0.0, "train_profile_magnitude_loss": 0.0, "valid_auprc": 0.3572609426136304, "valid_auroc": 0.8539593793056504}
{"epoch": 8, "train_loss": 0.5128555418119314, "train_main_loss": 0.5128555418119314, "train_expert_loss": 0.0, "train_profile_loss": 0.0, "train_profile_magnitude_loss": 0.0, "valid_auprc": 0.34955323319667597, "valid_auroc": 0.8536049516593551}
{"saved_to": "results/full_davis_unseen_target_base/DAVIS_unseen_target_base_seed0.json", "test_auprc": 0.42584452782740895, "test_auroc": 0.8849037152304999}
{"epoch": 1, "train_loss": 1.0503309508539596, "train_main_loss": 1.0501298072996996, "train_expert_loss": 0.0, "train_profile_loss": 0.0010057054812654018, "train_profile_magnitude_loss": 0.0, "valid_auprc": 0.2897341640572284, "valid_auroc": 0.7952793054157014}
{"epoch": 2, "train_loss": 0.915856248001412, "train_main_loss": 0.9155223224853702, "train_expert_loss": 0.0, "train_profile_loss": 0.0016696387050687837, "train_profile_magnitude_loss": 0.0, "valid_auprc": 0.31996487968495935, "valid_auroc": 0.8214036743115066}
{"epoch": 3, "train_loss": 0.829369208153821, "train_main_loss": 0.8290892334809975, "train_expert_loss": 0.0, "train_profile_loss": 0.0013998693269217483, "train_profile_magnitude_loss": 0.0, "valid_auprc": 0.31159914696610275, "valid_auroc": 0.8203051833282868}
{"epoch": 4, "train_loss": 0.769329868146238, "train_main_loss": 0.7691823781396652, "train_expert_loss": 0.0, "train_profile_loss": 0.0007374298778702645, "train_profile_magnitude_loss": 0.0, "valid_auprc": 0.2437025661911754, "valid_auroc": 0.7521799647450116}
{"epoch": 5, "train_loss": 0.7084335334293056, "train_main_loss": 0.708314446206892, "train_expert_loss": 0.0, "train_profile_loss": 0.000595428402518562, "train_profile_magnitude_loss": 0.0, "valid_auprc": 0.29126133896499135, "valid_auroc": 0.8125476775600355}
{"epoch": 6, "train_loss": 0.6696689762365275, "train_main_loss": 0.6695202946001364, "train_expert_loss": 0.0, "train_profile_loss": 0.000743416828086825, "train_profile_magnitude_loss": 0.0, "valid_auprc": 0.3282896360122343, "valid_auroc": 0.8283842559014551}
{"epoch": 7, "train_loss": 0.6155448047223022, "train_main_loss": 0.61536610956065, "train_expert_loss": 0.0, "train_profile_loss": 0.0008934739579939667, "train_profile_magnitude_loss": 0.0, "valid_auprc": 0.3266594848534924, "valid_auroc": 0.8382894523740785}
{"epoch": 8, "train_loss": 0.5754915798543958, "train_main_loss": 0.57524940416498, "train_expert_loss": 0.0, "train_profile_loss": 0.0012108796665322998, "train_profile_magnitude_loss": 0.0, "valid_auprc": 0.3372481465166256, "valid_auroc": 0.8407000298094776}
{"saved_to": "results/full_davis_unseen_target_ftm/DAVIS_unseen_target_ftm_seed0_chem32_top4_shr8p0.json", "test_auprc": 0.37045292169651495, "test_auroc": 0.8757336445568309}
{"epoch": 1, "train_loss": 1.1103340238332748, "train_main_loss": 1.1103340238332748, "train_expert_loss": 0.0, "train_profile_loss": 0.0, "train_profile_magnitude_loss": 0.0, "valid_auprc": 0.23788671761686592, "valid_auroc": 0.7437592728634601}
{"epoch": 2, "train_loss": 0.994599187746644, "train_main_loss": 0.994599187746644, "train_expert_loss": 0.0, "train_profile_loss": 0.0, "train_profile_magnitude_loss": 0.0, "valid_auprc": 0.26266106389985344, "valid_auroc": 0.7513504170087723}
{"saved_to": "results/smoke_davis_unseen_target_base/DAVIS_unseen_target_base_seed0.json", "test_auprc": 0.2804282627354963, "test_auroc": 0.7671061197916668}
{"epoch": 1, "train_loss": 1.1266146674752235, "train_main_loss": 1.126481594517827, "train_expert_loss": 0.0, "train_profile_loss": 0.0006653589762208867, "train_profile_magnitude_loss": 0.0, "valid_auprc": 0.2620202439267274, "valid_auroc": 0.7583509787822479}
{"epoch": 2, "train_loss": 0.9883962031453848, "train_main_loss": 0.9881190080195665, "train_expert_loss": 0.0, "train_profile_loss": 0.0013859591126674786, "train_profile_magnitude_loss": 0.0, "valid_auprc": 0.25023237191582487, "valid_auroc": 0.7519121904844215}
{"saved_to": "results/smoke_davis_unseen_target_ftm/DAVIS_unseen_target_ftm_seed0_chem32_top4_shr8p0.json", "test_auprc": 0.258494074493207, "test_auroc": 0.7484375}
{"epoch": 1, "train_loss": 1.0353805138585834, "train_main_loss": 1.0353805138585834, "train_expert_loss": 0.0, "train_profile_loss": 0.0, "train_profile_magnitude_loss": 0.0, "valid_auprc": 0.30138639978977316, "valid_auroc": 0.8044357441454889}
{"epoch": 2, "train_loss": 0.8838083195236494, "train_main_loss": 0.8838083195236494, "train_expert_loss": 0.0, "train_profile_loss": 0.0, "train_profile_magnitude_loss": 0.0, "valid_auprc": 0.31399930698468176, "valid_auroc": 0.8160802180082105}
{"epoch": 3, "train_loss": 0.7832446468789358, "train_main_loss": 0.7832446468789358, "train_expert_loss": 0.0, "train_profile_loss": 0.0, "train_profile_magnitude_loss": 0.0, "valid_auprc": 0.3021812492026763, "valid_auroc": 0.8128035226821958}
{"epoch": 4, "train_loss": 0.7290781444635296, "train_main_loss": 0.7290781444635296, "train_expert_loss": 0.0, "train_profile_loss": 0.0, "train_profile_magnitude_loss": 0.0, "valid_auprc": 0.3113924706420147, "valid_auroc": 0.8210187330267886}
{"epoch": 5, "train_loss": 0.6469932909810979, "train_main_loss": 0.6469932909810979, "train_expert_loss": 0.0, "train_profile_loss": 0.0, "train_profile_magnitude_loss": 0.0, "valid_auprc": 0.3440542121305439, "valid_auroc": 0.8438851842202241}
{"epoch": 6, "train_loss": 0.6087385837298784, "train_main_loss": 0.6087385837298784, "train_expert_loss": 0.0, "train_profile_loss": 0.0, "train_profile_magnitude_loss": 0.0, "valid_auprc": 0.32945463803300096, "valid_auroc": 0.8350902147455984}
{"epoch": 7, "train_loss": 0.5460377267872983, "train_main_loss": 0.5460377267872983, "train_expert_loss": 0.0, "train_profile_loss": 0.0, "train_profile_magnitude_loss": 0.0, "valid_auprc": 0.3572609426136304, "valid_auroc": 0.8539593793056504}
{"epoch": 8, "train_loss": 0.5128555418119314, "train_main_loss": 0.5128555418119314, "train_expert_loss": 0.0, "train_profile_loss": 0.0, "train_profile_magnitude_loss": 0.0, "valid_auprc": 0.34955323319667597, "valid_auroc": 0.8536049516593551}
{"saved_to": "results/full_davis_unseen_target_base/DAVIS_unseen_target_base_seed0.json", "test_auprc": 0.42584452782740895, "test_auroc": 0.8849037152304999}
{"epoch": 1, "train_loss": 1.0503309508539596, "train_main_loss": 1.0501298072996996, "train_expert_loss": 0.0, "train_profile_loss": 0.0010057054812654018, "train_profile_magnitude_loss": 0.0, "valid_auprc": 0.2897341640572284, "valid_auroc": 0.7952793054157014}
{"epoch": 2, "train_loss": 0.915856248001412, "train_main_loss": 0.9155223224853702, "train_expert_loss": 0.0, "train_profile_loss": 0.0016696387050687837, "train_profile_magnitude_loss": 0.0, "valid_auprc": 0.31996487968495935, "valid_auroc": 0.8214036743115066}
{"epoch": 3, "train_loss": 0.829369208153821, "train_main_loss": 0.8290892334809975, "train_expert_loss": 0.0, "train_profile_loss": 0.0013998693269217483, "train_profile_magnitude_loss": 0.0, "valid_auprc": 0.31159914696610275, "valid_auroc": 0.8203051833282868}
{"epoch": 4, "train_loss": 0.769329868146238, "train_main_loss": 0.7691823781396652, "train_expert_loss": 0.0, "train_profile_loss": 0.0007374298778702645, "train_profile_magnitude_loss": 0.0, "valid_auprc": 0.2437025661911754, "valid_auroc": 0.7521799647450116}
{"epoch": 5, "train_loss": 0.7084335334293056, "train_main_loss": 0.708314446206892, "train_expert_loss": 0.0, "train_profile_loss": 0.000595428402518562, "train_profile_magnitude_loss": 0.0, "valid_auprc": 0.29126133896499135, "valid_auroc": 0.8125476775600355}
{"epoch": 6, "train_loss": 0.6696689762365275, "train_main_loss": 0.6695202946001364, "train_expert_loss": 0.0, "train_profile_loss": 0.000743416828086825, "train_profile_magnitude_loss": 0.0, "valid_auprc": 0.3282896360122343, "valid_auroc": 0.8283842559014551}
{"epoch": 7, "train_loss": 0.6155448047223022, "train_main_loss": 0.61536610956065, "train_expert_loss": 0.0, "train_profile_loss": 0.0008934739579939667, "train_profile_magnitude_loss": 0.0, "valid_auprc": 0.3266594848534924, "valid_auroc": 0.8382894523740785}
{"epoch": 8, "train_loss": 0.5754915798543958, "train_main_loss": 0.57524940416498, "train_expert_loss": 0.0, "train_profile_loss": 0.0012108796665322998, "train_profile_magnitude_loss": 0.0, "valid_auprc": 0.3372481465166256, "valid_auroc": 0.8407000298094776}
{"saved_to": "results/full_davis_unseen_target_ftm/DAVIS_unseen_target_ftm_seed0_chem32_top4_shr8p0.json", "test_auprc": 0.37045292169651495, "test_auroc": 0.8757336445568309}
