{"epoch": 1, "train_loss": 0.7464462326956574, "train_main_loss": 0.7464462326956574, "train_expert_loss": 0.0, "train_profile_loss": 0.0, "train_profile_magnitude_loss": 0.0, "valid_auprc": 0.5906673464216848, "valid_auroc": 0.8522825921413342}
{"epoch": 2, "train_loss": 0.595465007728068, "train_main_loss": 0.595465007728068, "train_expert_loss": 0.0, "train_profile_loss": 0.0, "train_profile_magnitude_loss": 0.0, "valid_auprc": 0.5851518263961807, "valid_auroc": 0.8466145040105594}
{"epoch": 3, "train_loss": 0.5307435037122948, "train_main_loss": 0.5307435037122948, "train_expert_loss": 0.0, "train_profile_loss": 0.0, "train_profile_magnitude_loss": 0.0, "valid_auprc": 0.6243590531000598, "valid_auroc": 0.8537687836328561}
{"epoch": 4, "train_loss": 0.49132461165237773, "train_main_loss": 0.49132461165237773, "train_expert_loss": 0.0, "train_profile_loss": 0.0, "train_profile_magnitude_loss": 0.0, "valid_auprc": 0.6302000610104053, "valid_auroc": 0.8673821580871155}
{"epoch": 5, "train_loss": 0.44413130417570523, "train_main_loss": 0.44413130417570523, "train_expert_loss": 0.0, "train_profile_loss": 0.0, "train_profile_magnitude_loss": 0.0, "valid_auprc": 0.6414677164191531, "valid_auroc": 0.8683913024164889}
{"epoch": 6, "train_loss": 0.41448631627840343, "train_main_loss": 0.41448631627840343, "train_expert_loss": 0.0, "train_profile_loss": 0.0, "train_profile_magnitude_loss": 0.0, "valid_auprc": 0.62347596604487, "valid_auroc": 0.8609497157071784}
{"saved_to": "results/multiseed_unseen_drug_base/BindingDB_Kd_unseen_drug_base_seed2.json", "test_auprc": 0.6209471169897928, "test_auroc": 0.8110481806995491}
SKIP results/multiseed_unseen_drug_base/BindingDB_Kd_unseen_drug_base_seed2.json exists
{"epoch": 1, "train_loss": 0.7534718424255602, "train_main_loss": 0.7534718424255602, "train_expert_loss": 0.0, "train_profile_loss": 0.0, "train_profile_magnitude_loss": 0.0, "valid_auprc": 0.5922514711972866, "valid_auroc": 0.8078588244999494}
{"epoch": 1, "train_loss": 0.7534718424255602, "train_main_loss": 0.7534718424255602, "train_expert_loss": 0.0, "train_profile_loss": 0.0, "train_profile_magnitude_loss": 0.0, "valid_auprc": 0.5922514711972866, "valid_auroc": 0.8078588244999494}
{"epoch": 2, "train_loss": 0.5936904339467441, "train_main_loss": 0.5936904339467441, "train_expert_loss": 0.0, "train_profile_loss": 0.0, "train_profile_magnitude_loss": 0.0, "valid_auprc": 0.6177814319043963, "valid_auroc": 0.8638186617930755}
{"epoch": 2, "train_loss": 0.5936904339467441, "train_main_loss": 0.5936904339467441, "train_expert_loss": 0.0, "train_profile_loss": 0.0, "train_profile_magnitude_loss": 0.0, "valid_auprc": 0.6177814319043963, "valid_auroc": 0.8638186617930755}
{"epoch": 3, "train_loss": 0.5332293682435449, "train_main_loss": 0.5332293682435449, "train_expert_loss": 0.0, "train_profile_loss": 0.0, "train_profile_magnitude_loss": 0.0, "valid_auprc": 0.6169416683514417, "valid_auroc": 0.8668916260534063}
{"epoch": 3, "train_loss": 0.5332293682435449, "train_main_loss": 0.5332293682435449, "train_expert_loss": 0.0, "train_profile_loss": 0.0, "train_profile_magnitude_loss": 0.0, "valid_auprc": 0.6169416683514417, "valid_auroc": 0.8668916260534063}
{"epoch": 4, "train_loss": 0.4829611301714167, "train_main_loss": 0.4829611301714167, "train_expert_loss": 0.0, "train_profile_loss": 0.0, "train_profile_magnitude_loss": 0.0, "valid_auprc": 0.6162684298962433, "valid_auroc": 0.8596180449791857}
{"epoch": 4, "train_loss": 0.4829611301714167, "train_main_loss": 0.4829611301714167, "train_expert_loss": 0.0, "train_profile_loss": 0.0, "train_profile_magnitude_loss": 0.0, "valid_auprc": 0.6162684298962433, "valid_auroc": 0.8596180449791857}
{"epoch": 5, "train_loss": 0.4483597593744233, "train_main_loss": 0.4483597593744233, "train_expert_loss": 0.0, "train_profile_loss": 0.0, "train_profile_magnitude_loss": 0.0, "valid_auprc": 0.5637303303035528, "valid_auroc": 0.84037656107219}
{"epoch": 5, "train_loss": 0.4483597593744233, "train_main_loss": 0.4483597593744233, "train_expert_loss": 0.0, "train_profile_loss": 0.0, "train_profile_magnitude_loss": 0.0, "valid_auprc": 0.5637303303035528, "valid_auroc": 0.84037656107219}
{"epoch": 6, "train_loss": 0.41271541741079515, "train_main_loss": 0.41271541741079515, "train_expert_loss": 0.0, "train_profile_loss": 0.0, "train_profile_magnitude_loss": 0.0, "valid_auprc": 0.5665663135425094, "valid_auroc": 0.8490135419839578}
{"saved_to": "results/multiseed_unseen_drug_raicd/BindingDB_Kd_unseen_drug_raicd_seed2_both.json", "test_auprc": 0.5406322022736834, "test_auroc": 0.7853391571500328}
{"epoch": 6, "train_loss": 0.41271541741079515, "train_main_loss": 0.41271541741079515, "train_expert_loss": 0.0, "train_profile_loss": 0.0, "train_profile_magnitude_loss": 0.0, "valid_auprc": 0.5665663135425094, "valid_auroc": 0.8490135419839578}
{"saved_to": "results/multiseed_unseen_drug_raicd/BindingDB_Kd_unseen_drug_raicd_seed2_both.json", "test_auprc": 0.5406322022736834, "test_auroc": 0.7853391571500328}
{"epoch": 1, "train_loss": 0.7914268950935339, "train_main_loss": 0.7914268950935339, "train_expert_loss": 0.0, "train_profile_loss": 0.0, "train_profile_magnitude_loss": 0.0, "valid_auprc": 0.28263013568352663, "valid_auroc": 0.5546043368065333}
{"epoch": 2, "train_loss": 0.6121388708091017, "train_main_loss": 0.6121388708091017, "train_expert_loss": 0.0, "train_profile_loss": 0.0, "train_profile_magnitude_loss": 0.0, "valid_auprc": 0.3143400161673136, "valid_auroc": 0.624964798648268}
{"epoch": 1, "train_loss": 0.7914268950935339, "train_main_loss": 0.7914268950935339, "train_expert_loss": 0.0, "train_profile_loss": 0.0, "train_profile_magnitude_loss": 0.0, "valid_auprc": 0.28263013568352663, "valid_auroc": 0.5546043368065333}
{"epoch": 3, "train_loss": 0.5528895889614149, "train_main_loss": 0.5528895889614149, "train_expert_loss": 0.0, "train_profile_loss": 0.0, "train_profile_magnitude_loss": 0.0, "valid_auprc": 0.34682508747750745, "valid_auroc": 0.667558434243875}
{"epoch": 2, "train_loss": 0.6121388708091017, "train_main_loss": 0.6121388708091017, "train_expert_loss": 0.0, "train_profile_loss": 0.0, "train_profile_magnitude_loss": 0.0, "valid_auprc": 0.3143400161673136, "valid_auroc": 0.624964798648268}
{"epoch": 4, "train_loss": 0.5071050378766445, "train_main_loss": 0.5071050378766445, "train_expert_loss": 0.0, "train_profile_loss": 0.0, "train_profile_magnitude_loss": 0.0, "valid_auprc": 0.37918661648842333, "valid_auroc": 0.7030273162489441}
{"epoch": 3, "train_loss": 0.5528895889614149, "train_main_loss": 0.5528895889614149, "train_expert_loss": 0.0, "train_profile_loss": 0.0, "train_profile_magnitude_loss": 0.0, "valid_auprc": 0.34682508747750745, "valid_auroc": 0.667558434243875}
{"epoch": 5, "train_loss": 0.47608392683207507, "train_main_loss": 0.47608392683207507, "train_expert_loss": 0.0, "train_profile_loss": 0.0, "train_profile_magnitude_loss": 0.0, "valid_auprc": 0.4834850754458211, "valid_auroc": 0.7725429456491129}
{"epoch": 4, "train_loss": 0.5071050378766445, "train_main_loss": 0.5071050378766445, "train_expert_loss": 0.0, "train_profile_loss": 0.0, "train_profile_magnitude_loss": 0.0, "valid_auprc": 0.37918661648842333, "valid_auroc": 0.7030273162489441}
{"epoch": 6, "train_loss": 0.44781867134510633, "train_main_loss": 0.44781867134510633, "train_expert_loss": 0.0, "train_profile_loss": 0.0, "train_profile_magnitude_loss": 0.0, "valid_auprc": 0.3870755994602707, "valid_auroc": 0.6749507181075753}
{"saved_to": "results/multiseed_blind_base/BindingDB_Kd_blind_start_base_seed1.json", "test_auprc": 0.4053634394977488, "test_auroc": 0.680012742552059}
{"epoch": 5, "train_loss": 0.47608392683207507, "train_main_loss": 0.47608392683207507, "train_expert_loss": 0.0, "train_profile_loss": 0.0, "train_profile_magnitude_loss": 0.0, "valid_auprc": 0.4834850754458211, "valid_auroc": 0.7725429456491129}
{"epoch": 6, "train_loss": 0.44781867134510633, "train_main_loss": 0.44781867134510633, "train_expert_loss": 0.0, "train_profile_loss": 0.0, "train_profile_magnitude_loss": 0.0, "valid_auprc": 0.3870755994602707, "valid_auroc": 0.6749507181075753}
{"saved_to": "results/multiseed_blind_base/BindingDB_Kd_blind_start_base_seed1.json", "test_auprc": 0.4053634394977488, "test_auroc": 0.680012742552059}
{"epoch": 1, "train_loss": 0.8032398283961564, "train_main_loss": 0.8032398283961564, "train_expert_loss": 0.0, "train_profile_loss": 0.0, "train_profile_magnitude_loss": 0.0, "valid_auprc": 0.3091387306074951, "valid_auroc": 0.6329907068431428}
{"epoch": 2, "train_loss": 0.6202490684383847, "train_main_loss": 0.6202490684383847, "train_expert_loss": 0.0, "train_profile_loss": 0.0, "train_profile_magnitude_loss": 0.0, "valid_auprc": 0.27074029344231076, "valid_auroc": 0.5904252323289214}
{"epoch": 1, "train_loss": 0.8032398283961564, "train_main_loss": 0.8032398283961564, "train_expert_loss": 0.0, "train_profile_loss": 0.0, "train_profile_magnitude_loss": 0.0, "valid_auprc": 0.3091387306074951, "valid_auroc": 0.6329907068431428}
{"epoch": 3, "train_loss": 0.5647648563855732, "train_main_loss": 0.5647648563855732, "train_expert_loss": 0.0, "train_profile_loss": 0.0, "train_profile_magnitude_loss": 0.0, "valid_auprc": 0.3215072015226723, "valid_auroc": 0.6473810194311461}
{"epoch": 2, "train_loss": 0.6202490684383847, "train_main_loss": 0.6202490684383847, "train_expert_loss": 0.0, "train_profile_loss": 0.0, "train_profile_magnitude_loss": 0.0, "valid_auprc": 0.27074029344231076, "valid_auroc": 0.5904252323289214}
{"epoch": 4, "train_loss": 0.5304878965229054, "train_main_loss": 0.5304878965229054, "train_expert_loss": 0.0, "train_profile_loss": 0.0, "train_profile_magnitude_loss": 0.0, "valid_auprc": 0.30330921924664733, "valid_auroc": 0.6460574486060265}
{"epoch": 3, "train_loss": 0.5647648563855732, "train_main_loss": 0.5647648563855732, "train_expert_loss": 0.0, "train_profile_loss": 0.0, "train_profile_magnitude_loss": 0.0, "valid_auprc": 0.3215072015226723, "valid_auroc": 0.6473810194311461}
{"epoch": 5, "train_loss": 0.49252863231431965, "train_main_loss": 0.49252863231431965, "train_expert_loss": 0.0, "train_profile_loss": 0.0, "train_profile_magnitude_loss": 0.0, "valid_auprc": 0.39266743856028963, "valid_auroc": 0.6893128696141931}
{"epoch": 4, "train_loss": 0.5304878965229054, "train_main_loss": 0.5304878965229054, "train_expert_loss": 0.0, "train_profile_loss": 0.0, "train_profile_magnitude_loss": 0.0, "valid_auprc": 0.30330921924664733, "valid_auroc": 0.6460574486060265}
{"epoch": 6, "train_loss": 0.45750709569991044, "train_main_loss": 0.45750709569991044, "train_expert_loss": 0.0, "train_profile_loss": 0.0, "train_profile_magnitude_loss": 0.0, "valid_auprc": 0.38883123766270095, "valid_auroc": 0.7084342438749648}
{"saved_to": "results/multiseed_blind_raicd/BindingDB_Kd_blind_start_raicd_seed1_both.json", "test_auprc": 0.46233380668224344, "test_auroc": 0.7014089391422166}
{"epoch": 5, "train_loss": 0.49252863231431965, "train_main_loss": 0.49252863231431965, "train_expert_loss": 0.0, "train_profile_loss": 0.0, "train_profile_magnitude_loss": 0.0, "valid_auprc": 0.39266743856028963, "valid_auroc": 0.6893128696141931}
{"epoch": 6, "train_loss": 0.45750709569991044, "train_main_loss": 0.45750709569991044, "train_expert_loss": 0.0, "train_profile_loss": 0.0, "train_profile_magnitude_loss": 0.0, "valid_auprc": 0.38883123766270095, "valid_auroc": 0.7084342438749648}
{"saved_to": "results/multiseed_blind_raicd/BindingDB_Kd_blind_start_raicd_seed1_both.json", "test_auprc": 0.46233380668224344, "test_auroc": 0.7014089391422166}
{"epoch": 1, "train_loss": 0.7627665940326582, "train_main_loss": 0.7627665940326582, "train_expert_loss": 0.0, "train_profile_loss": 0.0, "train_profile_magnitude_loss": 0.0, "valid_auprc": 0.4432871572403351, "valid_auroc": 0.6804063955904547}
{"epoch": 2, "train_loss": 0.5805445227517464, "train_main_loss": 0.5805445227517464, "train_expert_loss": 0.0, "train_profile_loss": 0.0, "train_profile_magnitude_loss": 0.0, "valid_auprc": 0.5284872752545128, "valid_auroc": 0.7177650429799427}
{"epoch": 1, "train_loss": 0.7627665940326582, "train_main_loss": 0.7627665940326582, "train_expert_loss": 0.0, "train_profile_loss": 0.0, "train_profile_magnitude_loss": 0.0, "valid_auprc": 0.4432871572403351, "valid_auroc": 0.6804063955904547}
{"epoch": 3, "train_loss": 0.5285588413083903, "train_main_loss": 0.5285588413083903, "train_expert_loss": 0.0, "train_profile_loss": 0.0, "train_profile_magnitude_loss": 0.0, "valid_auprc": 0.49436933844559183, "valid_auroc": 0.7032415407161136}
{"epoch": 2, "train_loss": 0.5805445227517464, "train_main_loss": 0.5805445227517464, "train_expert_loss": 0.0, "train_profile_loss": 0.0, "train_profile_magnitude_loss": 0.0, "valid_auprc": 0.5284872752545128, "valid_auroc": 0.7177650429799427}
{"epoch": 4, "train_loss": 0.4895411713224935, "train_main_loss": 0.4895411713224935, "train_expert_loss": 0.0, "train_profile_loss": 0.0, "train_profile_magnitude_loss": 0.0, "valid_auprc": 0.4472340004124873, "valid_auroc": 0.6690106957719985}
{"epoch": 3, "train_loss": 0.5285588413083903, "train_main_loss": 0.5285588413083903, "train_expert_loss": 0.0, "train_profile_loss": 0.0, "train_profile_magnitude_loss": 0.0, "valid_auprc": 0.49436933844559183, "valid_auroc": 0.7032415407161136}
{"epoch": 5, "train_loss": 0.44994804596645127, "train_main_loss": 0.44994804596645127, "train_expert_loss": 0.0, "train_profile_loss": 0.0, "train_profile_magnitude_loss": 0.0, "valid_auprc": 0.45245864531420343, "valid_auroc": 0.6717885343073997}
{"epoch": 4, "train_loss": 0.4895411713224935, "train_main_loss": 0.4895411713224935, "train_expert_loss": 0.0, "train_profile_loss": 0.0, "train_profile_magnitude_loss": 0.0, "valid_auprc": 0.4472340004124873, "valid_auroc": 0.6690106957719985}
{"epoch": 6, "train_loss": 0.4196302482125372, "train_main_loss": 0.4196302482125372, "train_expert_loss": 0.0, "train_profile_loss": 0.0, "train_profile_magnitude_loss": 0.0, "valid_auprc": 0.4605907313320793, "valid_auroc": 0.6789627944618211}
{"saved_to": "results/multiseed_blind_base/BindingDB_Kd_blind_start_base_seed2.json", "test_auprc": 0.36335320007370364, "test_auroc": 0.6950429459966433}
{"epoch": 5, "train_loss": 0.44994804596645127, "train_main_loss": 0.44994804596645127, "train_expert_loss": 0.0, "train_profile_loss": 0.0, "train_profile_magnitude_loss": 0.0, "valid_auprc": 0.45245864531420343, "valid_auroc": 0.6717885343073997}
{"epoch": 6, "train_loss": 0.4196302482125372, "train_main_loss": 0.4196302482125372, "train_expert_loss": 0.0, "train_profile_loss": 0.0, "train_profile_magnitude_loss": 0.0, "valid_auprc": 0.4605907313320793, "valid_auroc": 0.6789627944618211}
{"saved_to": "results/multiseed_blind_base/BindingDB_Kd_blind_start_base_seed2.json", "test_auprc": 0.36335320007370364, "test_auroc": 0.6950429459966433}
{"epoch": 1, "train_loss": 0.7525600130578799, "train_main_loss": 0.7525600130578799, "train_expert_loss": 0.0, "train_profile_loss": 0.0, "train_profile_magnitude_loss": 0.0, "valid_auprc": 0.5741745465340807, "valid_auroc": 0.7092674817909401}
{"epoch": 2, "train_loss": 0.5884576772499454, "train_main_loss": 0.5884576772499454, "train_expert_loss": 0.0, "train_profile_loss": 0.0, "train_profile_magnitude_loss": 0.0, "valid_auprc": 0.5306605781655662, "valid_auroc": 0.693978433474048}
{"epoch": 1, "train_loss": 0.7525600130578799, "train_main_loss": 0.7525600130578799, "train_expert_loss": 0.0, "train_profile_loss": 0.0, "train_profile_magnitude_loss": 0.0, "valid_auprc": 0.5741745465340807, "valid_auroc": 0.7092674817909401}
{"epoch": 3, "train_loss": 0.5359787230861675, "train_main_loss": 0.5359787230861675, "train_expert_loss": 0.0, "train_profile_loss": 0.0, "train_profile_magnitude_loss": 0.0, "valid_auprc": 0.5373450521130232, "valid_auroc": 0.7047616964500535}
{"epoch": 2, "train_loss": 0.5884576772499454, "train_main_loss": 0.5884576772499454, "train_expert_loss": 0.0, "train_profile_loss": 0.0, "train_profile_magnitude_loss": 0.0, "valid_auprc": 0.5306605781655662, "valid_auroc": 0.693978433474048}
{"epoch": 4, "train_loss": 0.4882275217798621, "train_main_loss": 0.4882275217798621, "train_expert_loss": 0.0, "train_profile_loss": 0.0, "train_profile_magnitude_loss": 0.0, "valid_auprc": 0.49227499981876044, "valid_auroc": 0.6534591745226273}
{"epoch": 3, "train_loss": 0.5359787230861675, "train_main_loss": 0.5359787230861675, "train_expert_loss": 0.0, "train_profile_loss": 0.0, "train_profile_magnitude_loss": 0.0, "valid_auprc": 0.5373450521130232, "valid_auroc": 0.7047616964500535}
{"epoch": 5, "train_loss": 0.4640956460412573, "train_main_loss": 0.4640956460412573, "train_expert_loss": 0.0, "train_profile_loss": 0.0, "train_profile_magnitude_loss": 0.0, "valid_auprc": 0.5665735908378161, "valid_auroc": 0.7029571950392616}
{"epoch": 4, "train_loss": 0.4882275217798621, "train_main_loss": 0.4882275217798621, "train_expert_loss": 0.0, "train_profile_loss": 0.0, "train_profile_magnitude_loss": 0.0, "valid_auprc": 0.49227499981876044, "valid_auroc": 0.6534591745226273}
{"epoch": 6, "train_loss": 0.4329405001117401, "train_main_loss": 0.4329405001117401, "train_expert_loss": 0.0, "train_profile_loss": 0.0, "train_profile_magnitude_loss": 0.0, "valid_auprc": 0.4960561869715574, "valid_auroc": 0.6791596491611802}
{"saved_to": "results/multiseed_blind_raicd/BindingDB_Kd_blind_start_raicd_seed2_both.json", "test_auprc": 0.33810271281892, "test_auroc": 0.666060815480304}
{"epoch": 5, "train_loss": 0.4640956460412573, "train_main_loss": 0.4640956460412573, "train_expert_loss": 0.0, "train_profile_loss": 0.0, "train_profile_magnitude_loss": 0.0, "valid_auprc": 0.5665735908378161, "valid_auroc": 0.7029571950392616}
{"epoch": 6, "train_loss": 0.4329405001117401, "train_main_loss": 0.4329405001117401, "train_expert_loss": 0.0, "train_profile_loss": 0.0, "train_profile_magnitude_loss": 0.0, "valid_auprc": 0.4960561869715574, "valid_auroc": 0.6791596491611802}
{"saved_to": "results/multiseed_blind_raicd/BindingDB_Kd_blind_start_raicd_seed2_both.json", "test_auprc": 0.33810271281892, "test_auroc": 0.666060815480304}
