This is pdfTeX, Version 3.141592653-2.6-1.40.22 (TeX Live 2022/dev/Debian) (preloaded format=pdflatex 2026.3.18)  24 MAR 2026 04:39
entering extended mode
 restricted \write18 enabled.
 %&-line parsing enabled.
**main.tex
(./main.tex
LaTeX2e <2021-11-15> patch level 1
L3 programming layer <2022-01-21> (./sn-jnl.cls
Document Class: sn-jnl 2019/11/18 v0.1: An authoring template for Springer Jour
nal articles
(/usr/share/texlive/texmf-dist/tex/latex/base/article.cls
Document Class: article 2021/10/04 v1.4n Standard LaTeX document class
(/usr/share/texlive/texmf-dist/tex/latex/base/fleqn.clo
File: fleqn.clo 2016/12/29 v1.2b Standard LaTeX option (flush left equations)
\mathindent=\skip47
Applying: [2015/01/01] Make \[ robust on input line 50.
LaTeX Info: Redefining \[ on input line 51.
Already applied: [0000/00/00] Make \[ robust on input line 62.
Applying: [2015/01/01] Make \] robust on input line 74.
LaTeX Info: Redefining \] on input line 75.
Already applied: [0000/00/00] Make \] robust on input line 83.
)
(/usr/share/texlive/texmf-dist/tex/latex/base/size10.clo
File: size10.clo 2021/10/04 v1.4n Standard LaTeX file (size option)
)
\c@part=\count185
\c@section=\count186
\c@subsection=\count187
\c@subsubsection=\count188
\c@paragraph=\count189
\c@subparagraph=\count190
\c@figure=\count191
\c@table=\count192
\abovecaptionskip=\skip48
\belowcaptionskip=\skip49
\bibindent=\dimen138
)
(/usr/share/texlive/texmf-dist/tex/latex/setspace/setspace.sty
Package: setspace 2011/12/19 v6.7a set line spacing
)
LaTeX Info: Redefining \rm on input line 146.
LaTeX Info: Redefining \sf on input line 147.
LaTeX Info: Redefining \tt on input line 148.
LaTeX Info: Redefining \bf on input line 149.
LaTeX Info: Redefining \it on input line 150.
LaTeX Info: Redefining \sl on input line 151.
LaTeX Info: Redefining \sc on input line 152.
LaTeX Info: Redefining \cal on input line 153.
LaTeX Info: Redefining \mit on input line 154.
LaTeX Info: Redefining \textsubscript on input line 212.
\columnhsize=\skip50

(/usr/share/texlive/texmf-dist/tex/latex/geometry/geometry.sty
Package: geometry 2020/01/02 v5.9 Page Geometry

(/usr/share/texlive/texmf-dist/tex/latex/graphics/keyval.sty
Package: keyval 2014/10/28 v1.15 key=value parser (DPC)
\KV@toks@=\toks16
)
(/usr/share/texlive/texmf-dist/tex/generic/iftex/ifvtex.sty
Package: ifvtex 2019/10/25 v1.7 ifvtex legacy package. Use iftex instead.

(/usr/share/texlive/texmf-dist/tex/generic/iftex/iftex.sty
Package: iftex 2020/03/06 v1.0d TeX engine tests
))
\Gm@cnth=\count193
\Gm@cntv=\count194
\c@Gm@tempcnt=\count195
\Gm@bindingoffset=\dimen139
\Gm@wd@mp=\dimen140
\Gm@odd@mp=\dimen141
\Gm@even@mp=\dimen142
\Gm@layoutwidth=\dimen143
\Gm@layoutheight=\dimen144
\Gm@layouthoffset=\dimen145
\Gm@layoutvoffset=\dimen146
\Gm@dimlist=\toks17
)
\artcatbox=\box50
\aucount=\count196
\corraucount=\count197
\punctcount=\count198
\emailcnt=\count199
\c@affn=\count266
\addcount=\count267
\PacsCount=\count268
\PacsTmpCnt=\count269
\FMremarkdim=\dimen147
\fmremarkbox=\box51

(/usr/share/texlive/texmf-dist/tex/latex/sttools/cuted.sty
Package: cuted 2021/10/04 v2.0 Mixing onecolumn and twocolumn modes
\At@ViperColsBreak=\toks18
\preCutedStrip=\toks19
\postCutedStrip=\toks20
\cuted@@tempbox@a=\box52
\cuted@@tempbox@c=\box53
\cuted@@tempbox@var=\box54
\hold@viper=\box55
\@viper=\box56
\cuted@@varbox@a=\box57
\cuted@@varbox@c=\box58
\cuted@@tempdim@spread=\dimen148
\cuted@@tempdim@a=\dimen149
\cuted@@tempdim@b=\dimen150
\ht@hold@viper=\dimen151
\ht@viper=\dimen152
\var@@pagediscards@ht=\dimen153
\stripsep=\skip51
\viper@penalty=\count270
)
\firstpagehtcheck=\dimen154
\labelwidthi=\dimen155
\labelwidthii=\dimen156
\labelwidthiii=\dimen157
\labelwidthiv=\dimen158
\figwidth=\dimen159
\figheight=\dimen160
\sidecapwidth=\dimen161
\wrapcapline=\dimen162
\totalwrapline=\dimen163
\wraptotline=\dimen164
\figurebox=\box59
\wrapfigcapbox=\box60
\figcapbox=\box61
\capbox=\box62
\headwidthskip=\skip52
\tabcapbox=\box63
\temptbox=\box64
\tempdime=\dimen165
\tabhtdime=\dimen166

(/usr/share/texlive/texmf-dist/tex/latex/graphics/rotating.sty
Package: rotating 2016/08/11 v2.16d rotated objects in LaTeX

(/usr/share/texlive/texmf-dist/tex/latex/graphics/graphicx.sty
Package: graphicx 2021/09/16 v1.2d Enhanced LaTeX Graphics (DPC,SPQR)

(/usr/share/texlive/texmf-dist/tex/latex/graphics/graphics.sty
Package: graphics 2021/03/04 v1.4d Standard LaTeX Graphics (DPC,SPQR)

(/usr/share/texlive/texmf-dist/tex/latex/graphics/trig.sty
Package: trig 2021/08/11 v1.11 sin cos tan (DPC)
)
(/usr/share/texlive/texmf-dist/tex/latex/graphics-cfg/graphics.cfg
File: graphics.cfg 2016/06/04 v1.11 sample graphics configuration
)
Package graphics Info: Driver file: pdftex.def on input line 107.

(/usr/share/texlive/texmf-dist/tex/latex/graphics-def/pdftex.def
File: pdftex.def 2020/10/05 v1.2a Graphics/color driver for pdftex
))
\Gin@req@height=\dimen167
\Gin@req@width=\dimen168
)
(/usr/share/texlive/texmf-dist/tex/latex/base/ifthen.sty
Package: ifthen 2020/11/24 v1.1c Standard LaTeX ifthen package (DPC)
)
\c@r@tfl@t=\count271
\rotFPtop=\skip53
\rotFPbot=\skip54
\rot@float@box=\box65
\rot@mess@toks=\toks21
)
(/usr/share/texlive/texmf-dist/tex/latex/threeparttable/threeparttable.sty
Package: threeparttable 2003/06/13  v 3.0
\@tempboxb=\box66
)
(/usr/share/texlive/texmf-dist/tex/latex/appendix/appendix.sty
Package: appendix 2020/02/08 v1.2c extra appendix facilities
\c@@pps=\count272
\c@@ppsavesec=\count273
\c@@ppsaveapp=\count274
)
(/usr/share/texlive/texmf-dist/tex/latex/hyperref/hyperref.sty
Package: hyperref 2021-06-07 v7.00m Hypertext links for LaTeX

(/usr/share/texlive/texmf-dist/tex/generic/ltxcmds/ltxcmds.sty
Package: ltxcmds 2020-05-10 v1.25 LaTeX kernel commands for general use (HO)
)
(/usr/share/texlive/texmf-dist/tex/generic/pdftexcmds/pdftexcmds.sty
Package: pdftexcmds 2020-06-27 v0.33 Utility functions of pdfTeX for LuaTeX (HO
)

(/usr/share/texlive/texmf-dist/tex/generic/infwarerr/infwarerr.sty
Package: infwarerr 2019/12/03 v1.5 Providing info/warning/error messages (HO)
)
Package pdftexcmds Info: \pdf@primitive is available.
Package pdftexcmds Info: \pdf@ifprimitive is available.
Package pdftexcmds Info: \pdfdraftmode found.
)
(/usr/share/texlive/texmf-dist/tex/generic/kvsetkeys/kvsetkeys.sty
Package: kvsetkeys 2019/12/15 v1.18 Key value parser (HO)
)
(/usr/share/texlive/texmf-dist/tex/generic/kvdefinekeys/kvdefinekeys.sty
Package: kvdefinekeys 2019-12-19 v1.6 Define keys (HO)
)
(/usr/share/texlive/texmf-dist/tex/generic/pdfescape/pdfescape.sty
Package: pdfescape 2019/12/09 v1.15 Implements pdfTeX's escape features (HO)
)
(/usr/share/texlive/texmf-dist/tex/latex/hycolor/hycolor.sty
Package: hycolor 2020-01-27 v1.10 Color options for hyperref/bookmark (HO)
)
(/usr/share/texlive/texmf-dist/tex/latex/letltxmacro/letltxmacro.sty
Package: letltxmacro 2019/12/03 v1.6 Let assignment for LaTeX macros (HO)
)
(/usr/share/texlive/texmf-dist/tex/latex/auxhook/auxhook.sty
Package: auxhook 2019-12-17 v1.6 Hooks for auxiliary files (HO)
)
(/usr/share/texlive/texmf-dist/tex/latex/kvoptions/kvoptions.sty
Package: kvoptions 2020-10-07 v3.14 Key value format for package options (HO)
)
\@linkdim=\dimen169
\Hy@linkcounter=\count275
\Hy@pagecounter=\count276

(/usr/share/texlive/texmf-dist/tex/latex/hyperref/pd1enc.def
File: pd1enc.def 2021-06-07 v7.00m Hyperref: PDFDocEncoding definition (HO)
Now handling font encoding PD1 ...
... no UTF-8 mapping file for font encoding PD1
)
(/usr/share/texlive/texmf-dist/tex/latex/hyperref/hyperref-langpatches.def
File: hyperref-langpatches.def 2021-06-07 v7.00m Hyperref: patches for babel la
nguages
)
(/usr/share/texlive/texmf-dist/tex/generic/intcalc/intcalc.sty
Package: intcalc 2019/12/15 v1.3 Expandable calculations with integers (HO)
)
(/usr/share/texlive/texmf-dist/tex/generic/etexcmds/etexcmds.sty
Package: etexcmds 2019/12/15 v1.7 Avoid name clashes with e-TeX commands (HO)
)
\Hy@SavedSpaceFactor=\count277

(/usr/share/texlive/texmf-dist/tex/latex/hyperref/puenc.def
File: puenc.def 2021-06-07 v7.00m Hyperref: PDF Unicode definition (HO)
Now handling font encoding PU ...
... no UTF-8 mapping file for font encoding PU
)
Package hyperref Info: Hyper figures OFF on input line 4192.
Package hyperref Info: Link nesting OFF on input line 4197.
Package hyperref Info: Hyper index ON on input line 4200.
Package hyperref Info: Plain pages OFF on input line 4207.
Package hyperref Info: Backreferencing OFF on input line 4212.
Package hyperref Info: Implicit mode ON; LaTeX internals redefined.
Package hyperref Info: Bookmarks ON on input line 4445.
\c@Hy@tempcnt=\count278

(/usr/share/texlive/texmf-dist/tex/latex/url/url.sty
\Urlmuskip=\muskip16
Package: url 2013/09/16  ver 3.4  Verb mode for urls, etc.
)
LaTeX Info: Redefining \url on input line 4804.
\XeTeXLinkMargin=\dimen170

(/usr/share/texlive/texmf-dist/tex/generic/bitset/bitset.sty
Package: bitset 2019/12/09 v1.3 Handle bit-vector datatype (HO)

(/usr/share/texlive/texmf-dist/tex/generic/bigintcalc/bigintcalc.sty
Package: bigintcalc 2019/12/15 v1.5 Expandable calculations on big integers (HO
)
))
\Fld@menulength=\count279
\Field@Width=\dimen171
\Fld@charsize=\dimen172
Package hyperref Info: Hyper figures OFF on input line 6076.
Package hyperref Info: Link nesting OFF on input line 6081.
Package hyperref Info: Hyper index ON on input line 6084.
Package hyperref Info: backreferencing OFF on input line 6091.
Package hyperref Info: Link coloring OFF on input line 6096.
Package hyperref Info: Link coloring with OCG OFF on input line 6101.
Package hyperref Info: PDF/A mode OFF on input line 6106.
LaTeX Info: Redefining \ref on input line 6146.
LaTeX Info: Redefining \pageref on input line 6150.

(/usr/share/texlive/texmf-dist/tex/latex/base/atbegshi-ltx.sty
Package: atbegshi-ltx 2021/01/10 v1.0c Emulation of the original atbegshi
package with kernel methods
)
\Hy@abspage=\count280
\c@Item=\count281
\c@Hfootnote=\count282
)
Package hyperref Info: Driver (autodetected): hpdftex.

(/usr/share/texlive/texmf-dist/tex/latex/hyperref/hpdftex.def
File: hpdftex.def 2021-06-07 v7.00m Hyperref driver for pdfTeX

(/usr/share/texlive/texmf-dist/tex/latex/base/atveryend-ltx.sty
Package: atveryend-ltx 2020/08/19 v1.0a Emulation of the original atveryend pac
kage
with kernel methods
)
\Fld@listcount=\count283
\c@bookmark@seq@number=\count284

(/usr/share/texlive/texmf-dist/tex/latex/rerunfilecheck/rerunfilecheck.sty
Package: rerunfilecheck 2019/12/05 v1.9 Rerun checks for auxiliary files (HO)

(/usr/share/texlive/texmf-dist/tex/generic/uniquecounter/uniquecounter.sty
Package: uniquecounter 2019/12/15 v1.4 Provide unlimited unique counter (HO)
)
Package uniquecounter Info: New unique counter `rerunfilecheck' on input line 2
86.
)
\Hy@SectionHShift=\skip55
)
Package hyperref Info: Option `colorlinks' set `true' on input line 1471.
Package hyperref Info: Option `breaklinks' set `true' on input line 1471.
Package hyperref Info: Option `plainpages' set `false' on input line 1471.
Package hyperref Info: Option `bookmarksopen' set `true' on input line 1471.
Package hyperref Info: Option `bookmarksnumbered' set `false' on input line 147
1.

(/usr/share/texlive/texmf-dist/tex/latex/wrapfig/wrapfig.sty
\wrapoverhang=\dimen173
\WF@size=\dimen174
\c@WF@wrappedlines=\count285
\WF@box=\box67
\WF@everypar=\toks22
Package: wrapfig 2003/01/31  v 3.6
)
\wraplines=\count286
\@authorfigbox=\box68
\@authorfigboxdim=\skip56
\biofigadjskip=\skip57

(/usr/share/texlive/texmf-dist/tex/latex/amscls/amsthm.sty
Package: amsthm 2020/05/29 v2.20.6
\thm@style=\toks23
\thm@bodyfont=\toks24
\thm@headfont=\toks25
\thm@notefont=\toks26
\thm@headpunct=\toks27
\thm@preskip=\skip58
\thm@postskip=\skip59
\thm@headsep=\skip60
\dth@everypar=\toks28
)
(/usr/share/texlive/texmf-dist/tex/latex/base/fix-cm.sty
Package: fix-cm 2020/11/24 v1.1t fixes to LaTeX

(/usr/share/texlive/texmf-dist/tex/latex/base/ts1enc.def
File: ts1enc.def 2001/06/05 v3.0e (jk/car/fm) Standard LaTeX file
LaTeX Font Info:    Redeclaring font encoding TS1 on input line 47.
))
(/usr/share/texlive/texmf-dist/tex/latex/natbib/natbib.sty
Package: natbib 2010/09/13 8.31b (PWD, AO)
\bibhang=\skip61
\bibsep=\skip62
LaTeX Info: Redefining \cite on input line 694.
\c@NAT@ctr=\count287
))
(/usr/share/texlive/texmf-dist/tex/latex/booktabs/booktabs.sty
Package: booktabs 2020/01/12 v1.61803398 Publication quality tables
\heavyrulewidth=\dimen175
\lightrulewidth=\dimen176
\cmidrulewidth=\dimen177
\belowrulesep=\dimen178
\belowbottomsep=\dimen179
\aboverulesep=\dimen180
\abovetopsep=\dimen181
\cmidrulesep=\dimen182
\cmidrulekern=\dimen183
\defaultaddspace=\dimen184
\@cmidla=\count288
\@cmidlb=\count289
\@aboverulesep=\dimen185
\@belowrulesep=\dimen186
\@thisruleclass=\count290
\@lastruleclass=\count291
\@thisrulewidth=\dimen187
)
(/usr/share/texlive/texmf-dist/tex/latex/amsmath/amsmath.sty
Package: amsmath 2021/10/15 v2.17l AMS math features
\@mathmargin=\skip63

For additional information on amsmath, use the `?' option.
(/usr/share/texlive/texmf-dist/tex/latex/amsmath/amstext.sty
Package: amstext 2021/08/26 v2.01 AMS text

(/usr/share/texlive/texmf-dist/tex/latex/amsmath/amsgen.sty
File: amsgen.sty 1999/11/30 v2.0 generic functions
\@emptytoks=\toks29
\ex@=\dimen188
))
(/usr/share/texlive/texmf-dist/tex/latex/amsmath/amsbsy.sty
Package: amsbsy 1999/11/29 v1.2d Bold Symbols
\pmbraise@=\dimen189
)
(/usr/share/texlive/texmf-dist/tex/latex/amsmath/amsopn.sty
Package: amsopn 2021/08/26 v2.02 operator names
)
\inf@bad=\count292
LaTeX Info: Redefining \frac on input line 234.
\uproot@=\count293
\leftroot@=\count294
LaTeX Info: Redefining \overline on input line 399.
\classnum@=\count295
\DOTSCASE@=\count296
LaTeX Info: Redefining \ldots on input line 496.
LaTeX Info: Redefining \dots on input line 499.
LaTeX Info: Redefining \cdots on input line 620.
\Mathstrutbox@=\box69
\strutbox@=\box70
\big@size=\dimen190
LaTeX Font Info:    Redeclaring font encoding OML on input line 743.
LaTeX Font Info:    Redeclaring font encoding OMS on input line 744.
\macc@depth=\count297
\c@MaxMatrixCols=\count298
\dotsspace@=\muskip17
\c@parentequation=\count299
\dspbrk@lvl=\count300
\tag@help=\toks30
\row@=\count301
\column@=\count302
\maxfields@=\count303
\andhelp@=\toks31
\eqnshift@=\dimen191
\alignsep@=\dimen192
\tagshift@=\dimen193
\tagwidth@=\dimen194
\totwidth@=\dimen195
\lineht@=\dimen196
\@envbody=\toks32
\multlinegap=\skip64
\multlinetaggap=\skip65
\mathdisplay@stack=\toks33
LaTeX Info: Redefining \[ on input line 2938.
LaTeX Info: Redefining \] on input line 2939.
)
(/usr/share/texlive/texmf-dist/tex/latex/amsfonts/amssymb.sty
Package: amssymb 2013/01/14 v3.01 AMS font symbols

(/usr/share/texlive/texmf-dist/tex/latex/amsfonts/amsfonts.sty
Package: amsfonts 2013/01/14 v3.01 Basic AMSFonts support
\symAMSa=\mathgroup4
\symAMSb=\mathgroup5
LaTeX Font Info:    Redeclaring math symbol \hbar on input line 98.
LaTeX Font Info:    Overwriting math alphabet `\mathfrak' in version `bold'
(Font)                  U/euf/m/n --> U/euf/b/n on input line 106.
))
(/usr/share/texlive/texmf-dist/tex/latex/microtype/microtype.sty
Package: microtype 2021/12/10 v3.0b Micro-typographical refinements (RS)

(/usr/share/texlive/texmf-dist/tex/latex/etoolbox/etoolbox.sty
Package: etoolbox 2020/10/05 v2.5k e-TeX tools for LaTeX (JAW)
\etb@tempcnta=\count304
)
\MT@toks=\toks34
\MT@count=\count305
\MT@tempbox=\box71
LaTeX Info: Redefining \leftprotrusion on input line 1010.
LaTeX Info: Redefining \rightprotrusion on input line 1018.
LaTeX Info: Redefining \textls on input line 1173.
\MT@outer@kern=\dimen197
LaTeX Info: Redefining \textmicrotypecontext on input line 1759.
\MT@listname@count=\count306

(/usr/share/texlive/texmf-dist/tex/latex/microtype/microtype-pdftex.def
File: microtype-pdftex.def 2021/12/10 v3.0b Definitions specific to pdftex (RS)

LaTeX Info: Redefining \lsstyle on input line 897.
LaTeX Info: Redefining \lslig on input line 897.
\MT@outer@space=\skip66
)
Package microtype Info: Loading configuration file microtype.cfg.

(/usr/share/texlive/texmf-dist/tex/latex/microtype/microtype.cfg
File: microtype.cfg 2021/12/10 v3.0b microtype main configuration file (RS)
))
(/usr/share/texlive/texmf-dist/tex/latex/l3backend/l3backend-pdftex.def
File: l3backend-pdftex.def 2022-01-12 L3 backend support: PDF output (pdfTeX)
\l__color_backend_stack_int=\count307
\l__pdf_internal_box=\box72
)
(./main.aux)
\openout1 = `main.aux'.

LaTeX Font Info:    Checking defaults for OML/cmm/m/it on input line 21.
LaTeX Font Info:    ... okay on input line 21.
LaTeX Font Info:    Checking defaults for OMS/cmsy/m/n on input line 21.
LaTeX Font Info:    ... okay on input line 21.
LaTeX Font Info:    Checking defaults for OT1/cmr/m/n on input line 21.
LaTeX Font Info:    ... okay on input line 21.
LaTeX Font Info:    Checking defaults for T1/cmr/m/n on input line 21.
LaTeX Font Info:    ... okay on input line 21.
LaTeX Font Info:    Checking defaults for TS1/cmr/m/n on input line 21.
LaTeX Font Info:    ... okay on input line 21.
LaTeX Font Info:    Checking defaults for OMX/cmex/m/n on input line 21.
LaTeX Font Info:    ... okay on input line 21.
LaTeX Font Info:    Checking defaults for U/cmr/m/n on input line 21.
LaTeX Font Info:    ... okay on input line 21.
LaTeX Font Info:    Checking defaults for PD1/pdf/m/n on input line 21.
LaTeX Font Info:    ... okay on input line 21.
LaTeX Font Info:    Checking defaults for PU/pdf/m/n on input line 21.
LaTeX Font Info:    ... okay on input line 21.

*geometry* driver: auto-detecting
*geometry* detected driver: pdftex
*geometry* verbose mode - [ preamble ] result:
* driver: pdftex
* paper: custom
* layout: <same size as paper>
* layoutoffset:(h,v)=(0.0pt,0.0pt)
* bindingoffset: 17.07164pt
* modes: twoside 
* h-part:(L,W,R)=(83.37448pt, 372.0pt, 125.06175pt)
* v-part:(T,H,B)=(73.97716pt, 552.69478pt, 218.37491pt)
* \paperwidth=597.50787pt
* \paperheight=845.04684pt
* \textwidth=372.0pt
* \textheight=552.69478pt
* \oddsidemargin=28.17613pt
* \evensidemargin=52.79176pt
* \topmargin=-19.72638pt
* \headheight=5.5pt
* \headsep=15.93355pt
* \topskip=10.0pt
* \footskip=28.45274pt
* \marginparwidth=34.1433pt
* \marginparsep=14.22636pt
* \columnsep=14.22636pt
* \skip\footins=8.0pt plus 4.0pt
* \hoffset=0.0pt
* \voffset=0.0pt
* \mag=1000
* \@twocolumnfalse
* \@twosidetrue
* \@mparswitchtrue
* \@reversemargintrue
* (1in=72.27pt=25.4mm, 1cm=28.453pt)

(/usr/share/texlive/texmf-dist/tex/context/base/mkii/supp-pdf.mkii
[Loading MPS to PDF converter (version 2006.09.02).]
\scratchcounter=\count308
\scratchdimen=\dimen198
\scratchbox=\box73
\nofMPsegments=\count309
\nofMParguments=\count310
\everyMPshowfont=\toks35
\MPscratchCnt=\count311
\MPscratchDim=\dimen199
\MPnumerator=\count312
\makeMPintoPDFobject=\count313
\everyMPtoPDFconversion=\toks36
) (/usr/share/texlive/texmf-dist/tex/latex/epstopdf-pkg/epstopdf-base.sty
Package: epstopdf-base 2020-01-24 v2.11 Base part for package epstopdf
Package epstopdf-base Info: Redefining graphics rule for `.eps' on input line 4
85.

(/usr/share/texlive/texmf-dist/tex/latex/latexconfig/epstopdf-sys.cfg
File: epstopdf-sys.cfg 2010/07/13 v1.3 Configuration of (r)epstopdf for TeX Liv
e
))
LaTeX Info: Redefining \S on input line 21.
LaTeX Font Info:    Redeclaring symbol font `AMSa' on input line 21.
LaTeX Font Info:    Overwriting symbol font `AMSa' in version `normal'
(Font)                  U/msa/m/n --> U/msa/m/n on input line 21.
LaTeX Font Info:    Overwriting symbol font `AMSa' in version `bold'
(Font)                  U/msa/m/n --> U/msa/m/n on input line 21.

(/usr/share/texlive/texmf-dist/tex/latex/graphics/color.sty
Package: color 2021/12/07 v1.3c Standard LaTeX Color (DPC)

(/usr/share/texlive/texmf-dist/tex/latex/graphics-cfg/color.cfg
File: color.cfg 2016/01/02 v1.6 sample color configuration
)
Package color Info: Driver file: pdftex.def on input line 149.
)
Package hyperref Info: Link coloring ON on input line 21.

(/usr/share/texlive/texmf-dist/tex/latex/hyperref/nameref.sty
Package: nameref 2021-04-02 v2.47 Cross-referencing by name of section

(/usr/share/texlive/texmf-dist/tex/latex/refcount/refcount.sty
Package: refcount 2019/12/15 v3.6 Data extraction from label references (HO)
)
(/usr/share/texlive/texmf-dist/tex/generic/gettitlestring/gettitlestring.sty
Package: gettitlestring 2019/12/15 v1.6 Cleanup title references (HO)
)
\c@section@level=\count314
)
LaTeX Info: Redefining \ref on input line 21.
LaTeX Info: Redefining \pageref on input line 21.
LaTeX Info: Redefining \nameref on input line 21.

(./main.out) (./main.out)
\@outlinefile=\write3
\openout3 = `main.out'.

LaTeX Info: Redefining \microtypecontext on input line 21.
Package microtype Info: Applying patch `item' on input line 21.
Package microtype Info: Applying patch `toc' on input line 21.
Package microtype Info: Applying patch `eqnum' on input line 21.
Package microtype Info: Applying patch `footnote' on input line 21.
Package microtype Info: Generating PDF output.
Package microtype Info: Character protrusion enabled (level 2).
Package microtype Info: Using default protrusion set `alltext'.
Package microtype Info: Automatic font expansion enabled (level 2),
(microtype)             stretch: 20, shrink: 20, step: 1, non-selected.
Package microtype Info: Using default expansion set `alltext-nott'.
LaTeX Info: Redefining \showhyphens on input line 21.
Package microtype Info: No adjustment of tracking.
Package microtype Info: No adjustment of interword spacing.
Package microtype Info: No adjustment of character kerning.

(/usr/share/texlive/texmf-dist/tex/latex/microtype/mt-cmr.cfg
File: mt-cmr.cfg 2013/05/19 v2.2 microtype config. file: Computer Modern Roman 
(RS)
)
LaTeX Font Info:    Calculating math sizes for size <12.045> on input line 37.
LaTeX Font Info:    Trying to load font information for U+msa on input line 37.


(/usr/share/texlive/texmf-dist/tex/latex/amsfonts/umsa.fd
File: umsa.fd 2013/01/14 v3.01 AMS symbols A
)
(/usr/share/texlive/texmf-dist/tex/latex/microtype/mt-msa.cfg
File: mt-msa.cfg 2006/02/04 v1.1 microtype config. file: AMS symbols (a) (RS)
)
LaTeX Font Info:    Trying to load font information for U+msb on input line 37.


(/usr/share/texlive/texmf-dist/tex/latex/amsfonts/umsb.fd
File: umsb.fd 2013/01/14 v3.01 AMS symbols B
)
(/usr/share/texlive/texmf-dist/tex/latex/microtype/mt-msb.cfg
File: mt-msb.cfg 2005/06/01 v1.0 microtype config. file: AMS symbols (b) (RS)
)
LaTeX Font Info:    Calculating math sizes for size <11.04124> on input line 37
.
Package microtype Info: Loading generic protrusion settings for font family
(microtype)             `cmtt' (encoding: OT1).
(microtype)             For optimal results, create family-specific settings.
(microtype)             See the microtype manual for details.
LaTeX Font Info:    Calculating math sizes for size <10.03749> on input line 37
.

Underfull \vbox (badness 10000) has occurred while \output is active []

 [1

{/var/lib/texmf/fonts/map/pdftex/updmap/pdftex.map}]
Underfull \vbox (badness 10000) has occurred while \output is active []

 [2]
Underfull \vbox (badness 10000) has occurred while \output is active []

 [3]
Underfull \hbox (badness 1509) in paragraph at lines 55--56
[]\OT1/cmr/m/n/10 (+20) We pro-vide year-band and overlap-bucket diag-noses, ma
tched sup-port on
 []


Underfull \vbox (badness 10000) has occurred while \output is active []

 [4]
Underfull \vbox (badness 10000) has occurred while \output is active []

 [5]
Underfull \vbox (badness 10000) has occurred while \output is active []

 [6]
Underfull \vbox (badness 10000) has occurred while \output is active []

 [7]
LaTeX Font Info:    Calculating math sizes for size <8.03> on input line 113.

Overfull \hbox (3.11115pt too wide) in paragraph at lines 118--118
[]\OT1/cmr/m/n/9 (-20) Seeds| 
 []


Underfull \hbox (badness 10000) in paragraph at lines 118--118
[]\OT1/cmr/m/n/9 (+20) base
 []


Overfull \hbox (27.9575pt too wide) in paragraph at lines 118--118
\OT1/cmr/m/n/9 (-20) (AUPRC/AUROC)| 
 []


Underfull \hbox (badness 10000) in paragraph at lines 118--118
[]\OT1/cmr/m/n/9 (+20) RF
 []


Overfull \hbox (27.9575pt too wide) in paragraph at lines 118--118
\OT1/cmr/m/n/9 (-20) (AUPRC/AUROC)| 
 []


Underfull \hbox (badness 10000) in paragraph at lines 118--118
[]\OT1/cmr/m/n/9 (+20) DTI-LM
 []


Overfull \hbox (27.9575pt too wide) in paragraph at lines 118--118
\OT1/cmr/m/n/9 (-20) (AUPRC/AUROC)| 
 []


Underfull \hbox (badness 10000) in paragraph at lines 118--118
[]\OT1/cmr/m/n/9 (+20) HyperPCM
 []


Overfull \hbox (27.9575pt too wide) in paragraph at lines 118--118
\OT1/cmr/m/n/9 (-20) (AUPRC/AUROC)| 
 []


Underfull \hbox (badness 10000) in paragraph at lines 118--119
[]\OT1/cmr/m/n/9 (+20) GraphDTA-
 []


Underfull \hbox (badness 10000) in paragraph at lines 118--119
\OT1/cmr/m/n/9 (+20) style
 []


Overfull \hbox (27.9575pt too wide) in paragraph at lines 118--119
\OT1/cmr/m/n/9 (-20) (AUPRC/AUROC)| 
 []


Underfull \hbox (badness 10000) in paragraph at lines 120--120
[]\OT1/cmtt/m/n/9 BindingDB[]Kd /
 []


Underfull \hbox (badness 10000) in paragraph at lines 121--121
[]\OT1/cmr/m/n/9 (+20) 0.5509 $\OMS/cmsy/m/n/9 ^^F$
 []


Underfull \hbox (badness 10000) in paragraph at lines 121--121
\OT1/cmr/m/n/9 (+20) 0.0900 /
 []


Underfull \hbox (badness 10000) in paragraph at lines 121--121
\OT1/cmr/m/n/9 (+20) 0.7794 $\OMS/cmsy/m/n/9 ^^F$
 []


Underfull \hbox (badness 7362) in paragraph at lines 122--122
[]\OT1/cmr/bx/n/9 (+20) 0.7339 $\OMS/cmsy/m/n/9 ^^F$
 []


Underfull \hbox (badness 10000) in paragraph at lines 122--122
\OT1/cmr/bx/n/9 (+20) 0.0051 /
 []


Underfull \hbox (badness 7362) in paragraph at lines 122--122
\OT1/cmr/bx/n/9 (+20) 0.8854 $\OMS/cmsy/m/n/9 ^^F$
 []


Underfull \hbox (badness 10000) in paragraph at lines 123--123
[]\OT1/cmr/m/n/9 (+20) 0.5004 $\OMS/cmsy/m/n/9 ^^F$
 []


Underfull \hbox (badness 10000) in paragraph at lines 123--123
\OT1/cmr/m/n/9 (+20) 0.0341 /
 []


Underfull \hbox (badness 10000) in paragraph at lines 123--123
\OT1/cmr/m/n/9 (+20) 0.7364 $\OMS/cmsy/m/n/9 ^^F$
 []


Underfull \hbox (badness 10000) in paragraph at lines 124--124
[]\OT1/cmr/m/n/9 (+20) 0.5694 $\OMS/cmsy/m/n/9 ^^F$
 []


Underfull \hbox (badness 10000) in paragraph at lines 124--124
\OT1/cmr/m/n/9 (+20) 0.0473 /
 []


Underfull \hbox (badness 10000) in paragraph at lines 124--124
\OT1/cmr/m/n/9 (+20) 0.7778 $\OMS/cmsy/m/n/9 ^^F$
 []


Underfull \hbox (badness 10000) in paragraph at lines 125--126
[]\OT1/cmr/m/n/9 (+20) 0.5626 $\OMS/cmsy/m/n/9 ^^F$
 []


Underfull \hbox (badness 10000) in paragraph at lines 125--126
\OT1/cmr/m/n/9 (+20) 0.0172 /
 []


Underfull \hbox (badness 10000) in paragraph at lines 125--126
\OT1/cmr/m/n/9 (+20) 0.7988 $\OMS/cmsy/m/n/9 ^^F$
 []


Underfull \hbox (badness 10000) in paragraph at lines 126--126
[]\OT1/cmtt/m/n/9 BindingDB[]Kd /
 []


Underfull \hbox (badness 10000) in paragraph at lines 127--127
[]\OT1/cmr/m/n/9 (+20) 0.3737 $\OMS/cmsy/m/n/9 ^^F$
 []


Underfull \hbox (badness 10000) in paragraph at lines 127--127
\OT1/cmr/m/n/9 (+20) 0.0229 /
 []


Underfull \hbox (badness 10000) in paragraph at lines 127--127
\OT1/cmr/m/n/9 (+20) 0.6778 $\OMS/cmsy/m/n/9 ^^F$
 []


Underfull \hbox (badness 7362) in paragraph at lines 128--128
[]\OT1/cmr/bx/n/9 (+20) 0.4512 $\OMS/cmsy/m/n/9 ^^F$
 []


Underfull \hbox (badness 10000) in paragraph at lines 128--128
\OT1/cmr/bx/n/9 (+20) 0.0373 /
 []


Underfull \hbox (badness 7362) in paragraph at lines 128--128
\OT1/cmr/bx/n/9 (+20) 0.7451 $\OMS/cmsy/m/n/9 ^^F$
 []


Underfull \hbox (badness 10000) in paragraph at lines 129--129
[]\OT1/cmr/m/n/9 (+20) 0.3636 $\OMS/cmsy/m/n/9 ^^F$
 []


Underfull \hbox (badness 10000) in paragraph at lines 129--129
\OT1/cmr/m/n/9 (+20) 0.0693 /
 []


Underfull \hbox (badness 10000) in paragraph at lines 129--129
\OT1/cmr/m/n/9 (+20) 0.6490 $\OMS/cmsy/m/n/9 ^^F$
 []


Underfull \hbox (badness 10000) in paragraph at lines 130--130
[]\OT1/cmr/m/n/9 (+20) 0.3828 $\OMS/cmsy/m/n/9 ^^F$
 []


Underfull \hbox (badness 10000) in paragraph at lines 130--130
\OT1/cmr/m/n/9 (+20) 0.1024 /
 []


Underfull \hbox (badness 10000) in paragraph at lines 130--130
\OT1/cmr/m/n/9 (+20) 0.6807 $\OMS/cmsy/m/n/9 ^^F$
 []


Underfull \hbox (badness 10000) in paragraph at lines 132--132
[]\OT1/cmtt/m/n/9 BindingDB[]Kd /
 []


Underfull \hbox (badness 7362) in paragraph at lines 133--133
[]\OT1/cmr/bx/n/9 (+20) 0.5224 $\OMS/cmsy/m/n/9 ^^F$
 []


Underfull \hbox (badness 10000) in paragraph at lines 133--133
\OT1/cmr/bx/n/9 (+20) 0.0602 /
 []


Underfull \hbox (badness 7362) in paragraph at lines 133--133
\OT1/cmr/bx/n/9 (+20) 0.7741 $\OMS/cmsy/m/n/9 ^^F$
 []


Underfull \hbox (badness 10000) in paragraph at lines 134--134
[]\OT1/cmr/m/n/9 (+20) 0.5183 $\OMS/cmsy/m/n/9 ^^F$
 []


Underfull \hbox (badness 10000) in paragraph at lines 134--134
\OT1/cmr/m/n/9 (+20) 0.0612 /
 []


Underfull \hbox (badness 10000) in paragraph at lines 134--134
\OT1/cmr/m/n/9 (+20) 0.7838 $\OMS/cmsy/m/n/9 ^^F$
 []


Underfull \hbox (badness 10000) in paragraph at lines 135--135
[]\OT1/cmr/m/n/9 (+20) 0.5136 $\OMS/cmsy/m/n/9 ^^F$
 []


Underfull \hbox (badness 10000) in paragraph at lines 135--135
\OT1/cmr/m/n/9 (+20) 0.0730 /
 []


Underfull \hbox (badness 10000) in paragraph at lines 135--135
\OT1/cmr/m/n/9 (+20) 0.7970 $\OMS/cmsy/m/n/9 ^^F$
 []


Underfull \hbox (badness 10000) in paragraph at lines 136--136
[]\OT1/cmr/m/n/9 (+20) 0.4955 $\OMS/cmsy/m/n/9 ^^F$
 []


Underfull \hbox (badness 10000) in paragraph at lines 136--136
\OT1/cmr/m/n/9 (+20) 0.0793 /
 []


Underfull \hbox (badness 10000) in paragraph at lines 136--136
\OT1/cmr/m/n/9 (+20) 0.7810 $\OMS/cmsy/m/n/9 ^^F$
 []


Underfull \hbox (badness 10000) in paragraph at lines 137--138
[]\OT1/cmr/m/n/9 (+20) 0.4722 $\OMS/cmsy/m/n/9 ^^F$
 []


Underfull \hbox (badness 10000) in paragraph at lines 137--138
\OT1/cmr/m/n/9 (+20) 0.0925 /
 []


Underfull \hbox (badness 10000) in paragraph at lines 137--138
\OT1/cmr/m/n/9 (+20) 0.7637 $\OMS/cmsy/m/n/9 ^^F$
 []


Underfull \hbox (badness 10000) in paragraph at lines 138--138
[]\OT1/cmtt/m/n/9 BindingDB[]patent
 []


Underfull \hbox (badness 10000) in paragraph at lines 139--139
[]\OT1/cmr/m/n/9 (+20) 0.7772 $\OMS/cmsy/m/n/9 ^^F$
 []


Underfull \hbox (badness 10000) in paragraph at lines 139--139
\OT1/cmr/m/n/9 (+20) 0.0086 /
 []


Underfull \hbox (badness 10000) in paragraph at lines 139--139
\OT1/cmr/m/n/9 (+20) 0.7223 $\OMS/cmsy/m/n/9 ^^F$
 []


Underfull \hbox (badness 7362) in paragraph at lines 140--140
[]\OT1/cmr/bx/n/9 (+20) 0.8234 $\OMS/cmsy/m/n/9 ^^F$
 []


Underfull \hbox (badness 10000) in paragraph at lines 140--140
\OT1/cmr/bx/n/9 (+20) 0.0012 /
 []


Underfull \hbox (badness 7362) in paragraph at lines 140--140
\OT1/cmr/bx/n/9 (+20) 0.7773 $\OMS/cmsy/m/n/9 ^^F$
 []


Underfull \hbox (badness 10000) in paragraph at lines 141--141
[]\OT1/cmr/m/n/9 (+20) 0.7825 $\OMS/cmsy/m/n/9 ^^F$
 []


Underfull \hbox (badness 10000) in paragraph at lines 141--141
\OT1/cmr/m/n/9 (+20) 0.0078 /
 []


Underfull \hbox (badness 10000) in paragraph at lines 141--141
\OT1/cmr/m/n/9 (+20) 0.7362 $\OMS/cmsy/m/n/9 ^^F$
 []


Underfull \hbox (badness 10000) in paragraph at lines 142--142
[]\OT1/cmr/m/n/9 (+20) 0.7753 $\OMS/cmsy/m/n/9 ^^F$
 []


Underfull \hbox (badness 10000) in paragraph at lines 142--142
\OT1/cmr/m/n/9 (+20) 0.0050 /
 []


Underfull \hbox (badness 10000) in paragraph at lines 142--142
\OT1/cmr/m/n/9 (+20) 0.7368 $\OMS/cmsy/m/n/9 ^^F$
 []


Underfull \hbox (badness 10000) in paragraph at lines 143--144
[]\OT1/cmr/m/n/9 (+20) 0.7726 $\OMS/cmsy/m/n/9 ^^F$
 []


Underfull \hbox (badness 10000) in paragraph at lines 143--144
\OT1/cmr/m/n/9 (+20) 0.0016 /
 []


Underfull \hbox (badness 10000) in paragraph at lines 143--144
\OT1/cmr/m/n/9 (+20) 0.7232 $\OMS/cmsy/m/n/9 ^^F$
 []


Overfull \hbox (19.46234pt too wide) in paragraph at lines 144--144
[]\OT1/cmtt/m/n/9 BindingDB[]nonpatent[]Kd
 []


Underfull \hbox (badness 10000) in paragraph at lines 144--144
\OT1/cmtt/m/n/9 /
 []


Overfull \hbox (1.88556pt too wide) in paragraph at lines 144--144
\OT1/cmtt/m/n/9 nonpatent[]temporal| 
 []


Underfull \hbox (badness 10000) in paragraph at lines 145--145
[]\OT1/cmr/m/n/9 (+20) 0.6369 $\OMS/cmsy/m/n/9 ^^F$
 []


Underfull \hbox (badness 10000) in paragraph at lines 145--145
\OT1/cmr/m/n/9 (+20) 0.0173 /
 []


Underfull \hbox (badness 10000) in paragraph at lines 145--145
\OT1/cmr/m/n/9 (+20) 0.7333 $\OMS/cmsy/m/n/9 ^^F$
 []


Underfull \hbox (badness 7362) in paragraph at lines 146--146
[]\OT1/cmr/bx/n/9 (+20) 0.7201 $\OMS/cmsy/m/n/9 ^^F$
 []


Underfull \hbox (badness 10000) in paragraph at lines 146--146
\OT1/cmr/bx/n/9 (+20) 0.0012 /
 []


Underfull \hbox (badness 7362) in paragraph at lines 146--146
\OT1/cmr/bx/n/9 (+20) 0.7627 $\OMS/cmsy/m/n/9 ^^F$
 []


Underfull \hbox (badness 10000) in paragraph at lines 147--147
[]\OT1/cmr/m/n/9 (+20) 0.6531 $\OMS/cmsy/m/n/9 ^^F$
 []


Underfull \hbox (badness 10000) in paragraph at lines 147--147
\OT1/cmr/m/n/9 (+20) 0.0066 /
 []


Underfull \hbox (badness 10000) in paragraph at lines 147--147
\OT1/cmr/m/n/9 (+20) 0.7644 $\OMS/cmsy/m/n/9 ^^F$
 []


Underfull \hbox (badness 10000) in paragraph at lines 149--150
[]\OT1/cmr/m/n/9 (+20) 0.6635 $\OMS/cmsy/m/n/9 ^^F$
 []


Underfull \hbox (badness 10000) in paragraph at lines 149--150
\OT1/cmr/m/n/9 (+20) 0.0142 /
 []


Underfull \hbox (badness 10000) in paragraph at lines 149--150
\OT1/cmr/m/n/9 (+20) 0.7334 $\OMS/cmsy/m/n/9 ^^F$
 []


Underfull \vbox (badness 10000) has occurred while \output is active []

 [8]
Underfull \vbox (badness 10000) has occurred while \output is active []

 [9]
<Fig1.pdf, id=195, 430.67902pt x 215.51003pt>
File: Fig1.pdf Graphic file (type pdf)
<use Fig1.pdf>
Package pdftex.def Info: Fig1.pdf  used on input line 166.
(pdftex.def)             Requested size: 372.0pt x 186.15381pt.

Underfull \vbox (badness 10000) has occurred while \output is active []

 [10]
Underfull \vbox (badness 10000) has occurred while \output is active []

 [11 <./Fig1.pdf>]
Overfull \hbox (23.4678pt too wide) in alignment at lines 185--195
[] [] [] [] [] []
 []

<Fig2.pdf, id=217, 501.93654pt x 208.3652pt>
File: Fig2.pdf Graphic file (type pdf)
<use Fig2.pdf>
Package pdftex.def Info: Fig2.pdf  used on input line 200.
(pdftex.def)             Requested size: 372.0pt x 154.43263pt.

Underfull \vbox (badness 10000) has occurred while \output is active []

 [12 <./Fig2.pdf>]
Underfull \vbox (badness 10000) has occurred while \output is active []

 [13]
Underfull \vbox (badness 10000) has occurred while \output is active []

 [14]
Underfull \vbox (badness 10000) has occurred while \output is active []

 [15]
Underfull \vbox (badness 10000) has occurred while \output is active []

 [16]
Underfull \hbox (badness 10000) in paragraph at lines 257--257
[]\OT1/cmtt/m/n/9 train[]val.csv +
 []


Underfull \hbox (badness 10000) in paragraph at lines 257--258
[]\OT1/cmtt/m/n/9 train[]val.csv +
 []


Overfull \hbox (73.16785pt too wide) in alignment at lines 253--269
[] [] []
 []


Underfull \hbox (badness 10000) in paragraph at lines 274--275
\OT1/cmr/m/n/10 (+20) Because the main revi-sion also relies on \OT1/cmtt/m/n/1
0.03749 BindingDB[]nonpatent[]Kd /
 []


Underfull \hbox (badness 3503) in paragraph at lines 294--295
[]\OT1/cmr/m/n/9 (+20) entity over-lap allowed; \OT1/cmtt/m/n/9 drug[]overlap\O
T1/cmr/m/n/9 (+20) , \OT1/cmtt/m/n/9 target[]overlap\OT1/cmr/m/n/9 (+20) , and
 []


Overfull \hbox (24.39658pt too wide) in alignment at lines 282--299
[] []
 []


Overfull \hbox (11.35965pt too wide) in alignment at lines 312--326
[] []
 []


Underfull \vbox (badness 10000) has occurred while \output is active []

 [17

]
Underfull \hbox (badness 10000) in paragraph at lines 344--345
[]\OT1/cmr/m/n/9 (+20) Three-layer GCN: [], [],
 []


Underfull \hbox (badness 10000) in paragraph at lines 346--347
[]\OT1/cmr/m/n/9 (+20) Embedding dimen-sion $64$, fol-lowed by three 1D con-vo-
lu-
 []


Underfull \hbox (badness 10000) in paragraph at lines 346--347
\OT1/cmr/m/n/9 (+20) tions [], [], and
 []


Underfull \hbox (badness 1132) in paragraph at lines 349--350
[]\OT1/cmr/m/n/9 (+20) BCE-with-logits objec-tive with train-split positive-cla
ss weight-ing,
 []


Underfull \hbox (badness 10000) in paragraph at lines 350--351
[]\OT1/cmtt/m/n/9 RandomForestClassifier \OT1/cmr/m/n/9 (+20) with \OT1/cmtt/m/
n/9 n[]estimators$\OT1/cmr/m/n/9 (+20) = 400$,
 []


Underfull \hbox (badness 10000) in paragraph at lines 350--351
\OT1/cmtt/m/n/9 max[]depth\OT1/cmr/m/n/9 (+20) =None, \OT1/cmtt/m/n/9 min[]samp
les[]leaf$\OT1/cmr/m/n/9 (+20) = 1$, \OT1/cmtt/m/n/9 max[]features\OT1/cmr/m/n/
9 (+20) =\OT1/cmtt/m/n/9 sqrt\OT1/cmr/m/n/9 (+20) ,
 []


Underfull \hbox (badness 3919) in paragraph at lines 351--352
[]\OT1/cmr/m/n/9 (+20) Graph base-line in \OT1/cmtt/m/n/9 src/raicd/graph[]base
lines.py \OT1/cmr/m/n/9 (+20) with train-ing
 []


Underfull \hbox (badness 10000) in paragraph at lines 351--352
\OT1/cmr/m/n/9 (+20) in \OT1/cmtt/m/n/9 scripts/train[]graph[]baseline.py\OT1/c
mr/m/n/9 (+20) ; Ran-dom For-est base-
 []


Underfull \hbox (badness 10000) in paragraph at lines 351--352
\OT1/cmr/m/n/9 (+20) line in \OT1/cmtt/m/n/9 src/raicd/classical[]baselines.py 
\OT1/cmr/m/n/9 (+20) with train-ing in
 []


Overfull \hbox (79.45847pt too wide) in alignment at lines 339--353
[] []
 []


Underfull \vbox (badness 10000) has occurred while \output is active []

 [18]
Underfull \hbox (badness 10000) in paragraph at lines 368--368
[]\OT1/cmr/m/n/9 (+20) base
 []


Underfull \hbox (badness 10000) in paragraph at lines 368--368
[]\OT1/cmr/m/n/9 (+20) RF
 []


Underfull \hbox (badness 10000) in paragraph at lines 368--368
[]\OT1/cmr/m/n/9 (+20) DTI-LM
 []


Underfull \hbox (badness 10000) in paragraph at lines 368--368
[]\OT1/cmr/m/n/9 (+20) HyperPCM
 []


Underfull \hbox (badness 10000) in paragraph at lines 368--369
[]\OT1/cmr/m/n/9 (+20) GraphDTA-style
 []


Underfull \hbox (badness 10000) in paragraph at lines 370--370
[]\OT1/cmtt/m/n/9 BindingDB[]Ki /
 []


Underfull \hbox (badness 1237) in paragraph at lines 372--372
[]\OT1/cmr/m/n/9 (+20) 0.6328 $\OMS/cmsy/m/n/9 ^^F$ \OT1/cmr/m/n/9 (+20) 0.0465
 /
 []


Underfull \hbox (badness 1237) in paragraph at lines 373--373
[]\OT1/cmr/m/n/9 (+20) 0.6648 $\OMS/cmsy/m/n/9 ^^F$ \OT1/cmr/m/n/9 (+20) 0.0177
 /
 []


Underfull \hbox (badness 1237) in paragraph at lines 374--374
[]\OT1/cmr/m/n/9 (+20) 0.6515 $\OMS/cmsy/m/n/9 ^^F$ \OT1/cmr/m/n/9 (+20) 0.0301
 /
 []


Underfull \hbox (badness 1237) in paragraph at lines 375--376
[]\OT1/cmr/m/n/9 (+20) 0.6280 $\OMS/cmsy/m/n/9 ^^F$ \OT1/cmr/m/n/9 (+20) 0.0237
 /
 []


Underfull \hbox (badness 1237) in paragraph at lines 377--377
[]\OT1/cmr/m/n/9 (+20) 0.4097 $\OMS/cmsy/m/n/9 ^^F$ \OT1/cmr/m/n/9 (+20) 0.0275
 /
 []


Underfull \hbox (badness 1237) in paragraph at lines 379--379
[]\OT1/cmr/m/n/9 (+20) 0.4090 $\OMS/cmsy/m/n/9 ^^F$ \OT1/cmr/m/n/9 (+20) 0.0570
 /
 []


Underfull \hbox (badness 1237) in paragraph at lines 380--380
[]\OT1/cmr/m/n/9 (+20) 0.3840 $\OMS/cmsy/m/n/9 ^^F$ \OT1/cmr/m/n/9 (+20) 0.0269
 /
 []


Underfull \hbox (badness 1237) in paragraph at lines 381--382
[]\OT1/cmr/m/n/9 (+20) 0.3601 $\OMS/cmsy/m/n/9 ^^F$ \OT1/cmr/m/n/9 (+20) 0.0502
 /
 []


Overfull \hbox (2.879pt too wide) in alignment at lines 366--383
[] [] [] [] [] []
 []


Underfull \vbox (badness 10000) has occurred while \output is active []

 [19]
Underfull \vbox (badness 10000) has occurred while \output is active []

 [20]
Overfull \hbox (1.8218pt too wide) in paragraph at lines 402--402
[]\OT1/cmtt/m/n/9 BindingDB[]nonpatent[]Kd
 []


Underfull \hbox (badness 3701) in paragraph at lines 405--405
[]$\OT1/cmr/m/n/9 (+20) +0\OML/cmm/m/it/9 :\OT1/cmr/m/n/9 (+20) 0163$ [$+0\OML/
cmm/m/it/9 :\OT1/cmr/m/n/9 (+20) 0064$,
 []


Underfull \hbox (badness 1622) in paragraph at lines 406--407
[]\OT1/cmr/m/n/9 (+20) temporal rank-ing dif-fer-
 []


Underfull \hbox (badness 10000) in paragraph at lines 406--407
\OT1/cmr/m/n/9 (+20) ence sur-vives with-out
 []


Underfull \hbox (badness 10000) in paragraph at lines 407--407
[]\OT1/cmtt/m/n/9 BindingDB[]Kd /
 []


Underfull \hbox (badness 1308) in paragraph at lines 410--410
[]$\OMS/cmsy/m/n/9 ^^@\OT1/cmr/m/n/9 (+20) 0\OML/cmm/m/it/9 :\OT1/cmr/m/n/9 (+2
0) 0086$ [$\OMS/cmsy/m/n/9 ^^@\OT1/cmr/m/n/9 (+20) 0\OML/cmm/m/it/9 :\OT1/cmr/m
/n/9 (+20) 0203$,
 []


Underfull \hbox (badness 10000) in paragraph at lines 412--412
[]\OT1/cmtt/m/n/9 BindingDB[]patent /
 []


Overfull \hbox (19.39857pt too wide) in paragraph at lines 412--412
\OT1/cmtt/m/n/9 patent[]temporal[]pair[]novel| 
 []


Underfull \hbox (badness 10000) in paragraph at lines 415--415
[]\OT1/cmtt/m/n/9 DTI-LM - RF\OT1/cmr/m/n/9 (+20) :
 []


Underfull \hbox (badness 3701) in paragraph at lines 415--415
\OT1/cmr/m/n/9 (+20) +0\OML/cmm/m/it/9 :\OT1/cmr/m/n/9 (+20) 0098$ [$+0\OML/cmm
/m/it/9 :\OT1/cmr/m/n/9 (+20) 0061$,
 []


Underfull \hbox (badness 10000) in paragraph at lines 417--417
[]\OT1/cmtt/m/n/9 BindingDB[]patent /
 []


Overfull \hbox (19.39857pt too wide) in paragraph at lines 417--417
\OT1/cmtt/m/n/9 patent[]temporal[]drug[]novel| 
 []


Underfull \hbox (badness 10000) in paragraph at lines 420--420
[]\OT1/cmtt/m/n/9 DTI-LM - RF\OT1/cmr/m/n/9 (+20) :
 []


Underfull \hbox (badness 3701) in paragraph at lines 420--420
\OT1/cmr/m/n/9 (+20) +0\OML/cmm/m/it/9 :\OT1/cmr/m/n/9 (+20) 0047$ [$+0\OML/cmm
/m/it/9 :\OT1/cmr/m/n/9 (+20) 0009$,
 []


Underfull \hbox (badness 5490) in paragraph at lines 421--422
[]\OT1/cmr/m/n/9 (+20) drug-novel con-trol still
 []


Underfull \hbox (badness 10000) in paragraph at lines 440--441
[]\OT1/cmr/m/n/9 (+20) [$+0\OML/cmm/m/it/9 :\OT1/cmr/m/n/9 (+20) 1739$,
 []


Underfull \hbox (badness 10000) in paragraph at lines 441--442
[]\OT1/cmr/m/n/9 (+20) [$+0\OML/cmm/m/it/9 :\OT1/cmr/m/n/9 (+20) 1558$,
 []


Underfull \hbox (badness 10000) in paragraph at lines 442--443
[]\OT1/cmr/m/n/9 (+20) [$+0\OML/cmm/m/it/9 :\OT1/cmr/m/n/9 (+20) 0546$,
 []


Underfull \hbox (badness 10000) in paragraph at lines 443--444
[]\OT1/cmr/m/n/9 (+20) [$\OMS/cmsy/m/n/9 ^^@\OT1/cmr/m/n/9 (+20) 0\OML/cmm/m/it
/9 :\OT1/cmr/m/n/9 (+20) 0203$,
 []


Underfull \hbox (badness 10000) in paragraph at lines 444--445
[]\OT1/cmr/m/n/9 (+20) [$\OMS/cmsy/m/n/9 ^^@\OT1/cmr/m/n/9 (+20) 0\OML/cmm/m/it
/9 :\OT1/cmr/m/n/9 (+20) 0175$,
 []


Underfull \hbox (badness 10000) in paragraph at lines 445--446
[]\OT1/cmr/m/n/9 (+20) [$+0\OML/cmm/m/it/9 :\OT1/cmr/m/n/9 (+20) 0441$,
 []


Underfull \hbox (badness 10000) in paragraph at lines 446--447
[]\OT1/cmr/m/n/9 (+20) [$+0\OML/cmm/m/it/9 :\OT1/cmr/m/n/9 (+20) 0384$,
 []


Underfull \hbox (badness 10000) in paragraph at lines 447--448
[]\OT1/cmr/m/n/9 (+20) [$\OMS/cmsy/m/n/9 ^^@\OT1/cmr/m/n/9 (+20) 0\OML/cmm/m/it
/9 :\OT1/cmr/m/n/9 (+20) 0022$,
 []


Underfull \hbox (badness 10000) in paragraph at lines 448--449
[]\OT1/cmr/m/n/9 (+20) [$+0\OML/cmm/m/it/9 :\OT1/cmr/m/n/9 (+20) 0061$,
 []


Underfull \hbox (badness 10000) in paragraph at lines 449--450
[]\OT1/cmr/m/n/9 (+20) [$+0\OML/cmm/m/it/9 :\OT1/cmr/m/n/9 (+20) 0065$,
 []


Underfull \hbox (badness 10000) in paragraph at lines 450--451
[]\OT1/cmr/m/n/9 (+20) [$+0\OML/cmm/m/it/9 :\OT1/cmr/m/n/9 (+20) 0009$,
 []


Underfull \hbox (badness 10000) in paragraph at lines 451--452
[]\OT1/cmr/m/n/9 (+20) [$+0\OML/cmm/m/it/9 :\OT1/cmr/m/n/9 (+20) 0064$,
 []


Underfull \hbox (badness 10000) in paragraph at lines 452--453
[]\OT1/cmr/m/n/9 (+20) [$+0\OML/cmm/m/it/9 :\OT1/cmr/m/n/9 (+20) 0737$,
 []


Underfull \hbox (badness 10000) in paragraph at lines 453--454
[]\OT1/cmr/m/n/9 (+20) [$+0\OML/cmm/m/it/9 :\OT1/cmr/m/n/9 (+20) 0564$,
 []


Underfull \vbox (badness 10000) has occurred while \output is active []

 [21]
Underfull \vbox (badness 10000) has occurred while \output is active []

 [22]
Underfull \hbox (badness 2376) in paragraph at lines 473--474
[]\OT1/cmr/m/n/9 (+20) labeled par-ti-tions with \OT1/cmtt/m/n/9 example[]id \O
T1/cmr/m/n/9 (+20) and
 []


Underfull \hbox (badness 2165) in paragraph at lines 474--475
[]\OT1/cmr/m/n/9 (+20) lightweight pair-only views for exter-nal
 []


Underfull \hbox (badness 10000) in paragraph at lines 475--475
[]\OT1/cmtt/m/n/9 drugs.csv \OT1/cmr/m/n/9 (+20) /
 []


Overfull \hbox (30.92053pt too wide) in paragraph at lines 477--477
[]\OT1/cmtt/m/n/9 evaluate[]prediction[]csv.py| 
 []


Underfull \vbox (badness 10000) has occurred while \output is active []

 [23]
(./main.bbl
Underfull \vbox (badness 10000) has occurred while \output is active []

 [24]
Underfull \vbox (badness 10000) has occurred while \output is active []

 [25])
Underfull \vbox (badness 10000) has occurred while \output is active []

 [26]
(./main.aux)
Package rerunfilecheck Info: File `main.out' has not changed.
(rerunfilecheck)             Checksum: 67DDE01A3BAD45A22A3DF8F440C99C9D;4038.
 ) 
Here is how much of TeX's memory you used:
 14068 strings out of 478287
 221790 string characters out of 5849289
 561241 words of memory out of 5000000
 31705 multiletter control sequences out of 15000+600000
 502014 words of font info for 257 fonts, out of 8000000 for 9000
 1151 hyphenation exceptions out of 8191
 85i,13n,90p,1645b,492s stack positions out of 5000i,500n,10000p,200000b,80000s
</usr/share/texlive/texmf-dist/fonts/type1/public/amsfonts/cm/cmbx10.pfb></us
r/share/texlive/texmf-dist/fonts/type1/public/amsfonts/cm/cmbx12.pfb></usr/shar
e/texlive/texmf-dist/fonts/type1/public/amsfonts/cm/cmbx8.pfb></usr/share/texli
ve/texmf-dist/fonts/type1/public/amsfonts/cm/cmbx9.pfb></usr/share/texlive/texm
f-dist/fonts/type1/public/amsfonts/cm/cmmi10.pfb></usr/share/texlive/texmf-dist
/fonts/type1/public/amsfonts/cm/cmmi7.pfb></usr/share/texlive/texmf-dist/fonts/
type1/public/amsfonts/cm/cmmi9.pfb></usr/share/texlive/texmf-dist/fonts/type1/p
ublic/amsfonts/cm/cmr10.pfb></usr/share/texlive/texmf-dist/fonts/type1/public/a
msfonts/cm/cmr12.pfb></usr/share/texlive/texmf-dist/fonts/type1/public/amsfonts
/cm/cmr17.pfb></usr/share/texlive/texmf-dist/fonts/type1/public/amsfonts/cm/cmr
7.pfb></usr/share/texlive/texmf-dist/fonts/type1/public/amsfonts/cm/cmr8.pfb></
usr/share/texlive/texmf-dist/fonts/type1/public/amsfonts/cm/cmr9.pfb></usr/shar
e/texlive/texmf-dist/fonts/type1/public/amsfonts/cm/cmsy10.pfb></usr/share/texl
ive/texmf-dist/fonts/type1/public/amsfonts/cm/cmsy7.pfb></usr/share/texlive/tex
mf-dist/fonts/type1/public/amsfonts/cm/cmsy8.pfb></usr/share/texlive/texmf-dist
/fonts/type1/public/amsfonts/cm/cmsy9.pfb></usr/share/texlive/texmf-dist/fonts/
type1/public/amsfonts/cm/cmtt10.pfb></usr/share/texlive/texmf-dist/fonts/type1/
public/amsfonts/cm/cmtt8.pfb></usr/share/texlive/texmf-dist/fonts/type1/public/
amsfonts/cm/cmtt9.pfb></usr/share/texlive/texmf-dist/fonts/type1/public/amsfont
s/symbols/msbm10.pfb>
Output written on main.pdf (26 pages, 363413 bytes).
PDF statistics:
 466 PDF objects out of 1000 (max. 8388607)
 378 compressed objects within 4 object streams
 80 named destinations out of 1000 (max. 500000)
 60067 words of extra memory for PDF output out of 61914 (max. 10000000)

